0
0
1.4
4.9
2.1
5.6
3.5
3.5
0
0
1.4
4.9
2.1
5.6
3.5
3.5
3.5
3.5
4.9
4.9
5.6
5.6
7
7
7
7
8.4
8.4
9.1
9.1
10.5
10.5
0
0
1.4
4.9
2.1
5.6
3.5
3.5
0
0
1.4
4.9
2.1
5.6
3.5
3.5
3.5
3.5
4.9
4.9
5.6
5.6
7
7
7
7
8.4
8.4
9.1
9.1
10.5
10.5
1.2
1.2
2.6
2.6
3.3
3.3
4.7
4.7
1.2
1.2
2.6
2.6
3.3
3.3
4.7
4.7
4.7
4.7
6.1
6.1
6.8
6.8
8.2
8.2
8.2
8.2
9.6
9.6
10.3
10.3
11.7
11.7
4.2
4.2
5.6
5.6
6.3
6.3
7.7
7.7
4.2
4.2
5.6
5.6
6.3
6.3
7.7
7.7
7.7
7.7
9.1
9.1
9.8
9.8
11.2
11.2
11.2
11.2
12.6
12.6
13.3
13.3
13.3
13.3
1.8
1.8
3.2
3.2
3.9
3.9
5.3
5.3
1.8
1.8
3.2
3.2
3.9
3.9
5.3
5.3
5.3
5.3
6.7
6.7
7.4
7.4
8.8
8.8
8.8
8.8
10.2
10.2
10.9
10.9
12.3
12.3
4.8
4.8
6.2
6.2
6.9
6.9
8.3
8.3
4.8
4.8
6.2
6.2
6.9
6.9
8.3
8.3
8.3
8.3
9.7
9.7
10.4
10.4
11.8
11.8
11.8
11.8
13.2
13.2
13.9
13.9
15.3
15.3
3
3
4.4
4.4
5.1
5.1
6.5
6.5
3
3
4.4
4.4
5.1
5.1
6.5
6.5
6.5
6.5
7.9
7.9
8.6
8.6
10
10
10
10
11.4
11.4
12.1
12.1
13.5
13.5
6
6
7.4
7.4
8.1
8.1
9.5
9.5
6
6
7.4
7.4
8.1
8.1
9.5
9.5
9.5
9.5
10.9
10.9
11.6
11.6
13
13
13
13
13
13
13
13
13
13
15.3